{"C:\\Development\\Storehaus\\commands\\anime.js": {"path":"C:\\Development\\Storehaus\\commands\\anime.js","statementMap":{"0":{"start":{"line":1,"column":0},"end":{"line":87,"column":1}},"1":{"start":{"line":7,"column":24},"end":{"line":7,"column":45}},"2":{"start":{"line":8,"column":23},"end":{"line":8,"column":43}},"3":{"start":{"line":11,"column":22},"end":{"line":11,"column":43}},"4":{"start":{"line":13,"column":21},"end":{"line":13,"column":48}},"5":{"start":{"line":14,"column":8},"end":{"line":14,"column":46}},"6":{"start":{"line":15,"column":8},"end":{"line":18,"column":9}},"7":{"start":{"line":16,"column":12},"end":{"line":16,"column":150}},"8":{"start":{"line":16,"column":122},"end":{"line":16,"column":148}},"9":{"start":{"line":17,"column":12},"end":{"line":17,"column":19}},"10":{"start":{"line":20,"column":8},"end":{"line":70,"column":9}},"11":{"start":{"line":21,"column":12},"end":{"line":34,"column":14}},"12":{"start":{"line":22,"column":30},"end":{"line":22,"column":45}},"13":{"start":{"line":24,"column":33},"end":{"line":24,"column":51}},"14":{"start":{"line":25,"column":37},"end":{"line":25,"column":59}},"15":{"start":{"line":26,"column":33},"end":{"line":26,"column":51}},"16":{"start":{"line":28,"column":32},"end":{"line":31,"column":65}},"17":{"start":{"line":32,"column":20},"end":{"line":32,"column":48}},"18":{"start":{"line":37,"column":12},"end":{"line":37,"column":19}},"19":{"start":{"line":41,"column":12},"end":{"line":67,"column":14}},"20":{"start":{"line":42,"column":30},"end":{"line":42,"column":45}},"21":{"start":{"line":44,"column":16},"end":{"line":49,"column":17}},"22":{"start":{"line":45,"column":20},"end":{"line":48,"column":165}},"23":{"start":{"line":50,"column":33},"end":{"line":50,"column":51}},"24":{"start":{"line":51,"column":37},"end":{"line":51,"column":59}},"25":{"start":{"line":52,"column":33},"end":{"line":52,"column":51}},"26":{"start":{"line":54,"column":20},"end":{"line":64,"column":21}},"27":{"start":{"line":56,"column":24},"end":{"line":56,"column":59}},"28":{"start":{"line":59,"column":36},"end":{"line":62,"column":69}},"29":{"start":{"line":63,"column":24},"end":{"line":63,"column":52}},"30":{"start":{"line":69,"column":12},"end":{"line":69,"column":19}},"31":{"start":{"line":73,"column":26},"end":{"line":73,"column":47}},"32":{"start":{"line":74,"column":12},"end":{"line":83,"column":22}},"33":{"start":{"line":75,"column":38},"end":{"line":75,"column":53}},"34":{"start":{"line":77,"column":41},"end":{"line":77,"column":59}},"35":{"start":{"line":78,"column":45},"end":{"line":78,"column":67}},"36":{"start":{"line":79,"column":41},"end":{"line":79,"column":59}},"37":{"start":{"line":80,"column":28},"end":{"line":80,"column":43}},"38":{"start":{"line":81,"column":28},"end":{"line":81,"column":51}},"39":{"start":{"line":82,"column":28},"end":{"line":82,"column":42}}},"fnMap":{"0":{"name":"(anonymous_0)","decl":{"start":{"line":6,"column":4},"end":{"line":6,"column":5}},"loc":{"start":{"line":6,"column":33},"end":{"line":85,"column":5}},"line":6},"1":{"name":"(anonymous_1)","decl":{"start":{"line":16,"column":117},"end":{"line":16,"column":118}},"loc":{"start":{"line":16,"column":122},"end":{"line":16,"column":148}},"line":16},"2":{"name":"(anonymous_2)","decl":{"start":{"line":22,"column":18},"end":{"line":22,"column":19}},"loc":{"start":{"line":22,"column":30},"end":{"line":22,"column":45}},"line":22},"3":{"name":"(anonymous_3)","decl":{"start":{"line":23,"column":18},"end":{"line":23,"column":19}},"loc":{"start":{"line":23,"column":26},"end":{"line":33,"column":13}},"line":23},"4":{"name":"(anonymous_4)","decl":{"start":{"line":42,"column":18},"end":{"line":42,"column":19}},"loc":{"start":{"line":42,"column":30},"end":{"line":42,"column":45}},"line":42},"5":{"name":"(anonymous_5)","decl":{"start":{"line":43,"column":18},"end":{"line":43,"column":19}},"loc":{"start":{"line":43,"column":26},"end":{"line":66,"column":13}},"line":43},"6":{"name":"anime","decl":{"start":{"line":71,"column":17},"end":{"line":71,"column":22}},"loc":{"start":{"line":71,"column":48},"end":{"line":84,"column":11}},"line":71},"7":{"name":"(anonymous_7)","decl":{"start":{"line":75,"column":26},"end":{"line":75,"column":27}},"loc":{"start":{"line":75,"column":38},"end":{"line":75,"column":53}},"line":75},"8":{"name":"(anonymous_8)","decl":{"start":{"line":76,"column":26},"end":{"line":76,"column":27}},"loc":{"start":{"line":76,"column":34},"end":{"line":83,"column":21}},"line":76}},"branchMap":{"0":{"loc":{"start":{"line":15,"column":8},"end":{"line":18,"column":9}},"type":"if","locations":[{"start":{"line":15,"column":8},"end":{"line":18,"column":9}},{"start":{"line":15,"column":8},"end":{"line":18,"column":9}}],"line":15},"1":{"loc":{"start":{"line":15,"column":12},"end":{"line":15,"column":45}},"type":"binary-expr","locations":[{"start":{"line":15,"column":12},"end":{"line":15,"column":31}},{"start":{"line":15,"column":35},"end":{"line":15,"column":45}}],"line":15},"2":{"loc":{"start":{"line":20,"column":8},"end":{"line":70,"column":9}},"type":"if","locations":[{"start":{"line":20,"column":8},"end":{"line":70,"column":9}},{"start":{"line":20,"column":8},"end":{"line":70,"column":9}}],"line":20},"3":{"loc":{"start":{"line":44,"column":16},"end":{"line":49,"column":17}},"type":"if","locations":[{"start":{"line":44,"column":16},"end":{"line":49,"column":17}},{"start":{"line":44,"column":16},"end":{"line":49,"column":17}}],"line":44},"4":{"loc":{"start":{"line":54,"column":20},"end":{"line":64,"column":21}},"type":"if","locations":[{"start":{"line":54,"column":20},"end":{"line":64,"column":21}},{"start":{"line":54,"column":20},"end":{"line":64,"column":21}}],"line":54},"5":{"loc":{"start":{"line":54,"column":24},"end":{"line":54,"column":80}},"type":"binary-expr","locations":[{"start":{"line":54,"column":24},"end":{"line":54,"column":40}},{"start":{"line":54,"column":43},"end":{"line":54,"column":57}},{"start":{"line":54,"column":61},"end":{"line":54,"column":80}}],"line":54}},"s":{"0":1,"1":0,"2":0,"3":0,"4":0,"5":0,"6":0,"7":0,"8":0,"9":0,"10":0,"11":0,"12":0,"13":0,"14":0,"15":0,"16":0,"17":0,"18":0,"19":0,"20":0,"21":0,"22":0,"23":0,"24":0,"25":0,"26":0,"27":0,"28":0,"29":0,"30":0,"31":0,"32":0,"33":0,"34":0,"35":0,"36":0,"37":0,"38":0,"39":0},"f":{"0":0,"1":0,"2":0,"3":0,"4":0,"5":0,"6":0,"7":0,"8":0},"b":{"0":[0,0],"1":[0,0],"2":[0,0],"3":[0,0],"4":[0,0],"5":[0,0,0]},"_coverageSchema":"1a1c01bbd47fc00a2c39e90264f33305004495a9","hash":"0dfda7a51cf8d6d4ba95771259f303a64860354a"}
,"C:\\Development\\Storehaus\\commands\\sum.js": {"path":"C:\\Development\\Storehaus\\commands\\sum.js","statementMap":{"0":{"start":{"line":4,"column":4},"end":{"line":4,"column":17}},"1":{"start":{"line":6,"column":2},"end":{"line":6,"column":23}}},"fnMap":{"0":{"name":"sum","decl":{"start":{"line":3,"column":9},"end":{"line":3,"column":12}},"loc":{"start":{"line":3,"column":19},"end":{"line":5,"column":3}},"line":3}},"branchMap":{},"s":{"0":1,"1":1},"f":{"0":1},"b":{},"_coverageSchema":"1a1c01bbd47fc00a2c39e90264f33305004495a9","hash":"c3be12fb18c83fd330341d8f9673bdd6a810ff30"}
}
